TN:
SF:C:\Users\BlackHatJohnny\Documents\repos\stackoverflow-LITE\index.js
FNF:0
FNH:0
DA:1,1
DA:3,1
DA:4,1
DA:5,1
DA:8,1
DA:9,1
DA:10,1
DA:11,1
DA:32,1
DA:33,1
DA:34,1
DA:36,1
DA:37,0
DA:40,1
DA:41,1
DA:42,1
DA:45,1
DA:46,0
DA:47,0
DA:48,0
DA:50,1
DA:51,0
DA:52,0
DA:66,1
DA:69,1
DA:70,0
DA:73,1
LF:27
LH:20
BRDA:51,1,0,0
BRDA:51,1,1,0
BRDA:66,2,0,1
BRDA:66,2,1,0
BRF:4
BRH:1
end_of_record
TN:
SF:C:\Users\BlackHatJohnny\Documents\repos\stackoverflow-LITE\routes\question.js
FNF:0
FNH:0
DA:1,1
DA:3,1
DA:4,1
DA:5,1
DA:6,1
DA:19,1
DA:20,1
DA:22,1
DA:23,1
DA:25,1
DA:26,1
DA:32,1
DA:33,1
DA:35,1
DA:36,1
DA:38,1
DA:39,1
DA:41,1
DA:42,1
DA:45,1
LF:20
LH:20
BRF:0
BRH:0
end_of_record
TN:
SF:C:\Users\BlackHatJohnny\Documents\repos\stackoverflow-LITE\controllers\question.js
FNF:0
FNH:0
DA:1,1
DA:2,1
DA:3,1
DA:4,1
DA:6,1
DA:7,1
DA:8,1
DA:10,1
DA:11,2
DA:14,1
DA:15,2
DA:16,2
DA:20,1
DA:21,0
DA:22,0
DA:26,0
DA:27,0
DA:28,0
DA:29,0
DA:30,0
DA:32,0
DA:39,1
DA:41,0
DA:42,0
DA:46,0
DA:47,0
DA:48,0
DA:49,0
DA:50,0
DA:51,0
DA:53,0
DA:58,1
DA:59,1
DA:60,1
DA:66,1
DA:67,1
DA:69,1
DA:70,1
DA:71,1
DA:72,0
DA:74,1
LF:41
LH:23
BRDA:29,1,0,0
BRDA:29,1,1,0
BRDA:50,2,0,0
BRDA:50,2,1,0
BRDA:71,3,0,0
BRDA:71,3,1,1
BRF:6
BRH:1
end_of_record
TN:
SF:C:\Users\BlackHatJohnny\Documents\repos\stackoverflow-LITE\models\db.js
FNF:0
FNH:0
DA:1,1
DA:2,1
DA:4,1
DA:13,1
DA:15,1
LF:5
LH:5
BRF:0
BRH:0
end_of_record
TN:
SF:C:\Users\BlackHatJohnny\Documents\repos\stackoverflow-LITE\models\dbHelper.js
FNF:0
FNH:0
DA:1,1
DA:3,1
DA:4,2
DA:5,2
DA:6,0
DA:8,2
DA:9,2
DA:10,2
DA:11,2
DA:12,2
DA:13,0
DA:15,2
DA:24,1
DA:25,2
DA:26,2
DA:27,2
DA:28,2
DA:29,2
DA:30,2
DA:31,0
DA:33,2
DA:34,2
DA:35,2
DA:36,2
DA:37,2
DA:38,2
DA:39,0
DA:41,2
LF:28
LH:24
BRDA:5,1,0,0
BRDA:5,1,1,2
BRDA:12,2,0,0
BRDA:12,2,1,2
BRDA:30,3,0,0
BRDA:30,3,1,2
BRDA:38,4,0,0
BRDA:38,4,1,2
BRF:8
BRH:4
end_of_record
TN:
SF:C:\Users\BlackHatJohnny\Documents\repos\stackoverflow-LITE\controllers\answer.js
FNF:0
FNH:0
DA:2,1
DA:4,1
DA:5,0
DA:6,0
DA:12,0
DA:13,0
DA:15,0
DA:16,0
DA:17,0
DA:18,0
DA:19,0
DA:21,0
DA:26,1
DA:27,0
DA:28,0
DA:29,0
DA:30,0
DA:31,0
DA:32,0
DA:33,0
DA:35,0
DA:40,1
DA:41,0
DA:42,0
DA:46,0
DA:47,0
DA:48,0
DA:49,0
DA:50,0
DA:51,0
DA:53,0
DA:58,1
DA:59,0
DA:60,0
DA:64,0
DA:65,0
DA:66,0
DA:67,0
DA:68,0
DA:69,0
DA:70,0
DA:72,0
DA:77,1
DA:78,0
DA:81,1
DA:82,0
DA:83,0
DA:84,0
DA:85,0
DA:86,0
DA:87,0
DA:88,0
DA:89,0
DA:91,0
DA:96,1
DA:97,0
DA:100,1
DA:101,0
LF:58
LH:9
BRDA:17,1,0,0
BRDA:17,1,1,0
BRDA:31,2,0,0
BRDA:31,2,1,0
BRDA:49,3,0,0
BRDA:49,3,1,0
BRDA:68,4,0,0
BRDA:68,4,1,0
BRDA:87,5,0,0
BRDA:87,5,1,0
BRF:10
BRH:0
end_of_record
TN:
SF:C:\Users\BlackHatJohnny\Documents\repos\stackoverflow-LITE\middleware\verify_auth.js
FNF:0
FNH:0
DA:1,1
DA:2,1
DA:4,1
DA:5,1
DA:7,1
DA:9,1
DA:10,1
DA:11,1
DA:13,0
LF:9
LH:8
BRF:0
BRH:0
end_of_record
TN:
SF:C:\Users\BlackHatJohnny\Documents\repos\stackoverflow-LITE\routes\user.js
FNF:0
FNH:0
DA:1,1
DA:3,1
DA:5,1
DA:6,1
DA:10,1
DA:11,1
DA:14,1
DA:17,1
LF:8
LH:8
BRF:0
BRH:0
end_of_record
TN:
SF:C:\Users\BlackHatJohnny\Documents\repos\stackoverflow-LITE\controllers\user.js
FNF:0
FNH:0
DA:1,1
DA:2,1
DA:3,1
DA:5,1
DA:6,1
DA:7,1
DA:13,1
DA:14,2
DA:15,2
DA:16,0
DA:18,2
DA:19,2
DA:20,2
DA:21,2
DA:22,0
DA:23,0
DA:25,2
DA:34,1
DA:35,2
DA:36,2
DA:37,2
DA:38,2
DA:39,2
DA:40,0
DA:42,2
DA:43,2
DA:44,2
DA:45,2
DA:46,0
DA:48,2
DA:60,1
DA:61,0
DA:62,0
DA:63,0
DA:65,0
DA:66,0
DA:67,0
DA:68,0
DA:69,0
DA:70,0
DA:71,0
DA:73,0
LF:42
LH:26
BRDA:15,1,0,0
BRDA:15,1,1,2
BRDA:21,2,0,0
BRDA:21,2,1,2
BRDA:39,3,0,0
BRDA:39,3,1,2
BRDA:45,4,0,0
BRDA:45,4,1,2
BRDA:62,5,0,0
BRDA:62,5,1,0
BRDA:69,6,0,0
BRDA:69,6,1,0
BRF:12
BRH:4
end_of_record
TN:
SF:C:\Users\BlackHatJohnny\Documents\repos\stackoverflow-LITE\routes\auth.js
FNF:0
FNH:0
DA:1,1
DA:3,1
DA:5,1
DA:9,1
DA:10,1
DA:12,1
LF:6
LH:6
BRF:0
BRH:0
end_of_record
TN:
SF:C:\Users\BlackHatJohnny\Documents\repos\stackoverflow-LITE\controllers\auth.js
FNF:0
FNH:0
DA:1,1
DA:2,1
DA:3,1
DA:4,1
DA:6,1
DA:8,1
DA:9,1
DA:10,1
DA:12,1
DA:16,1
DA:17,0
DA:18,0
DA:20,0
DA:21,0
DA:23,0
DA:24,0
DA:26,0
DA:28,0
DA:29,0
DA:30,0
DA:32,0
DA:33,0
DA:34,0
DA:37,0
DA:44,0
DA:45,0
DA:46,0
DA:47,0
DA:48,0
DA:49,0
DA:50,0
DA:52,0
DA:62,1
DA:63,1
DA:64,1
DA:66,1
DA:67,1
DA:68,1
DA:69,0
DA:72,1
DA:73,1
DA:74,1
DA:75,1
DA:76,1
DA:77,1
DA:79,1
DA:88,1
DA:90,0
LF:48
LH:24
BRDA:23,1,0,0
BRDA:23,1,1,0
BRDA:29,2,0,0
BRDA:29,2,1,0
BRDA:33,3,0,0
BRDA:33,3,1,0
BRDA:48,4,0,0
BRDA:48,4,1,0
BRDA:68,5,0,0
BRDA:68,5,1,1
BRDA:77,6,0,1
BRDA:77,6,1,0
BRF:12
BRH:2
end_of_record
